<?xml version="1.0" encoding="UTF-8"?>
<!-- Generated by org.testng.reporters.JUnitXMLReporter -->
<testsuite hostname="DESKTOP-O2DK7QJ" ignored="0" name="Default test" tests="2" failures="0" timestamp="17 Aug 2019 08:24:52 GMT" time="28.27" errors="0">
  <testcase name="ChromeGameSanity" time="15.532" classname="com.triviagame.TestCases.SanityOfGamePlay"/>
  <testcase name="FirefoxGameSanity" time="12.702" classname="com.triviagame.TestCases.SanityOfGamePlay"/>
</testsuite> <!-- Default test -->
