<?xml version="1.0" encoding="UTF-8"?>
<testng-results skipped="0" failed="0" ignored="59" total="60" passed="1">
  <reporter-output>
  </reporter-output>
  <suite name="Default suite" duration-ms="14223" started-at="2019-08-16T18:59:10Z" finished-at="2019-08-16T18:59:24Z">
    <groups>
    </groups>
    <test name="Default test" duration-ms="14223" started-at="2019-08-16T18:59:10Z" finished-at="2019-08-16T18:59:24Z">
      <class name="com.triviagame.TestCases.BoundryValuesTest">
        <test-method status="PASS" signature="startBrowser()[pri:0, instance:com.triviagame.TestCases.BoundryValuesTest@42dafa95]" name="startBrowser" is-config="true" duration-ms="12731" started-at="2019-08-16T18:59:10Z" finished-at="2019-08-16T18:59:23Z">
          <reporter-output>
          </reporter-output>
        </test-method> <!-- startBrowser -->
        <test-method status="PASS" signature="FqFirstQuestionGameBvMult5()[pri:0, instance:com.triviagame.TestCases.BoundryValuesTest@42dafa95]" name="FqFirstQuestionGameBvMult5" duration-ms="799" started-at="2019-08-16T18:59:23Z" finished-at="2019-08-16T18:59:23Z">
          <reporter-output>
          </reporter-output>
        </test-method> <!-- FqFirstQuestionGameBvMult5 -->
        <test-method status="PASS" signature="afretAllTest()[pri:0, instance:com.triviagame.TestCases.BoundryValuesTest@42dafa95]" name="afretAllTest" is-config="true" duration-ms="660" started-at="2019-08-16T18:59:23Z" finished-at="2019-08-16T18:59:24Z">
          <reporter-output>
          </reporter-output>
        </test-method> <!-- afretAllTest -->
      </class> <!-- com.triviagame.TestCases.BoundryValuesTest -->
    </test> <!-- Default test -->
  </suite> <!-- Default suite -->
</testng-results>
